2018-07-02 22:40:08 [scrapy.utils.log] INFO: Scrapy 1.5.0 started (bot: mediumino)
2018-07-02 22:40:08 [scrapy.utils.log] INFO: Versions: lxml 4.2.3.0, libxml2 2.9.5, cssselect 1.0.3, parsel 1.4.0, w3lib 1.19.0, Twisted 18.4.0, Python 3.6.2 (v3.6.2:5fd33b5, Jul  8 2017, 04:57:36) [MSC v.1900 64 bit (AMD64)], pyOpenSSL 18.0.0 (OpenSSL 1.1.0h  27 Mar 2018), cryptography 2.2.2, Platform Windows-10-10.0.17134-SP0
2018-07-02 22:40:08 [scrapy.crawler] INFO: Overridden settings: {'BOT_NAME': 'mediumino', 'DOWNLOAD_DELAY': 0.1, 'LOG_FILE': 'mediumino_fr.log', 'LOG_LEVEL': 'INFO', 'NEWSPIDER_MODULE': 'mediumino.spiders', 'ROBOTSTXT_OBEY': True, 'SPIDER_MODULES': ['mediumino.spiders']}
2018-07-02 22:40:08 [scrapy.middleware] INFO: Enabled extensions:
['scrapy.extensions.corestats.CoreStats',
 'scrapy.extensions.telnet.TelnetConsole',
 'scrapy.extensions.logstats.LogStats']
2018-07-02 22:40:08 [twisted] CRITICAL: Unhandled error in Deferred:
2018-07-02 22:40:08 [twisted] CRITICAL: 
Traceback (most recent call last):
  File "d:\herve\projets\venvs\mediumino\lib\site-packages\twisted\internet\defer.py", line 1386, in _inlineCallbacks
    result = g.send(result)
  File "d:\herve\projets\venvs\mediumino\lib\site-packages\scrapy\crawler.py", line 80, in crawl
    self.engine = self._create_engine()
  File "d:\herve\projets\venvs\mediumino\lib\site-packages\scrapy\crawler.py", line 105, in _create_engine
    return ExecutionEngine(self, lambda _: self.stop())
  File "d:\herve\projets\venvs\mediumino\lib\site-packages\scrapy\core\engine.py", line 69, in __init__
    self.downloader = downloader_cls(crawler)
  File "d:\herve\projets\venvs\mediumino\lib\site-packages\scrapy\core\downloader\__init__.py", line 88, in __init__
    self.middleware = DownloaderMiddlewareManager.from_crawler(crawler)
  File "d:\herve\projets\venvs\mediumino\lib\site-packages\scrapy\middleware.py", line 58, in from_crawler
    return cls.from_settings(crawler.settings, crawler)
  File "d:\herve\projets\venvs\mediumino\lib\site-packages\scrapy\middleware.py", line 34, in from_settings
    mwcls = load_object(clspath)
  File "d:\herve\projets\venvs\mediumino\lib\site-packages\scrapy\utils\misc.py", line 44, in load_object
    mod = import_module(module)
  File "C:\Users\Hervé\AppData\Local\Programs\Python\Python36\lib\importlib\__init__.py", line 126, in import_module
    return _bootstrap._gcd_import(name[level:], package, level)
  File "<frozen importlib._bootstrap>", line 978, in _gcd_import
  File "<frozen importlib._bootstrap>", line 961, in _find_and_load
  File "<frozen importlib._bootstrap>", line 950, in _find_and_load_unlocked
  File "<frozen importlib._bootstrap>", line 655, in _load_unlocked
  File "<frozen importlib._bootstrap_external>", line 678, in exec_module
  File "<frozen importlib._bootstrap>", line 205, in _call_with_frames_removed
  File "d:\herve\projets\venvs\mediumino\lib\site-packages\scrapy\downloadermiddlewares\retry.py", line 20, in <module>
    from twisted.web.client import ResponseFailed
  File "d:\herve\projets\venvs\mediumino\lib\site-packages\twisted\web\client.py", line 41, in <module>
    from twisted.internet.endpoints import HostnameEndpoint, wrapClientTLS
  File "d:\herve\projets\venvs\mediumino\lib\site-packages\twisted\internet\endpoints.py", line 41, in <module>
    from twisted.internet.stdio import StandardIO, PipeAddress
  File "d:\herve\projets\venvs\mediumino\lib\site-packages\twisted\internet\stdio.py", line 30, in <module>
    from twisted.internet import _win32stdio
  File "d:\herve\projets\venvs\mediumino\lib\site-packages\twisted\internet\_win32stdio.py", line 9, in <module>
    import win32api
ModuleNotFoundError: No module named 'win32api'
